<?xml version="1.0" encoding="UTF-8"?>
<!-- Generated by org.testng.reporters.JUnitReportReporter -->
<testsuite hostname="ADMINRG-78O8Q1N" name="com.pack1.Demo1" tests="1" failures="0" timestamp="24 Dec 2017 11:13:10 GMT" time="20.388" errors="0">
  <testcase name="demo" time="20.388" classname="com.pack1.Demo1"/>
</testsuite> <!-- com.pack1.Demo1 -->
